# JRE version: Java(TM) SE Runtime Environment (8.0_121-b13) (build 1.8.0_121-b13)
# Java VM: Java HotSpot(TM) Client VM (25.121-b13 mixed mode windows-x86 )
Heap:
 def new generation   total 5504K, used 3652K [0x03e00000, 0x043f0000, 0x092a0000)
  eden space 4928K,  62% used [0x03e00000, 0x041011b8, 0x042d0000)
  from space 576K, 100% used [0x042d0000, 0x04360000, 0x04360000)
  to   space 576K,   0% used [0x04360000, 0x04360000, 0x043f0000)
 tenured generation   total 12132K, used 9223K [0x092a0000, 0x09e79000, 0x13c00000)
   the space 12132K,  76% used [0x092a0000, 0x09ba1db0, 0x09ba1e00, 0x09e79000)
 Metaspace       used 10452K, capacity 10617K, committed 10752K, reserved 11648K
GC Heap History (10 events):
Event: 15.990 GC heap before
{Heap before GC invocations=7 (full 0):
 def new generation   total 4928K, used 4715K [0x03e00000, 0x04350000, 0x092a0000)
  eden space 4416K, 100% used [0x03e00000, 0x04250000, 0x04250000)
  from space 512K,  58% used [0x042d0000, 0x0431acb0, 0x04350000)
  to   space 512K,   0% used [0x04250000, 0x04250000, 0x042d0000)
 tenured generation   total 10944K, used 9453K [0x092a0000, 0x09d50000, 0x13c00000)
   the space 10944K,  86% used [0x092a0000, 0x09bdb520, 0x09bdb600, 0x09d50000)
 Metaspace       used 10455K, capacity 10632K, committed 10752K, reserved 11648K
Event: 15.994 GC heap after
Heap after GC invocations=8 (full 0):
 def new generation   total 4928K, used 512K [0x03e00000, 0x04350000, 0x092a0000)
  eden space 4416K,   0% used [0x03e00000, 0x03e00000, 0x04250000)
  from space 512K, 100% used [0x04250000, 0x042d0000, 0x042d0000)
  to   space 512K,   0% used [0x042d0000, 0x042d0000, 0x04350000)
 tenured generation   total 10944K, used 10369K [0x092a0000, 0x09d50000, 0x13c00000)
   the space 10944K,  94% used [0x092a0000, 0x09cc06e0, 0x09cc0800, 0x09d50000)
 Metaspace       used 10455K, capacity 10632K, committed 10752K, reserved 11648K
}
Event: 21.108 GC heap before
{Heap before GC invocations=8 (full 0):
 def new generation   total 4928K, used 4928K [0x03e00000, 0x04350000, 0x092a0000)
  eden space 4416K, 100% used [0x03e00000, 0x04250000, 0x04250000)
  from space 512K, 100% used [0x04250000, 0x042d0000, 0x042d0000)
  to   space 512K,   0% used [0x042d0000, 0x042d0000, 0x04350000)
 tenured generation   total 10944K, used 10369K [0x092a0000, 0x09d50000, 0x13c00000)
   the space 10944K,  94% used [0x092a0000, 0x09cc06e0, 0x09cc0800, 0x09d50000)
 Metaspace       used 10456K, capacity 10632K, committed 10752K, reserved 11648K
Event: 21.111 GC heap after
Heap after GC invocations=9 (full 0):
 def new generation   total 4928K, used 512K [0x03e00000, 0x04350000, 0x092a0000)
  eden space 4416K,   0% used [0x03e00000, 0x03e00000, 0x04250000)
  from space 512K, 100% used [0x042d0000, 0x04350000, 0x04350000)
  to   space 512K,   0% used [0x04250000, 0x04250000, 0x042d0000)
 tenured generation   total 10944K, used 10814K [0x092a0000, 0x09d50000, 0x13c00000)
   the space 10944K,  98% used [0x092a0000, 0x09d2fb40, 0x09d2fc00, 0x09d50000)
 Metaspace       used 10456K, capacity 10632K, committed 10752K, reserved 11648K
}
Event: 27.601 GC heap before
{Heap before GC invocations=9 (full 0):
 def new generation   total 4928K, used 4928K [0x03e00000, 0x04350000, 0x092a0000)
  eden space 4416K, 100% used [0x03e00000, 0x04250000, 0x04250000)
  from space 512K, 100% used [0x042d0000, 0x04350000, 0x04350000)
  to   space 512K,   0% used [0x04250000, 0x04250000, 0x042d0000)
 tenured generation   total 10944K, used 10814K [0x092a0000, 0x09d50000, 0x13c00000)
   the space 10944K,  98% used [0x092a0000, 0x09d2fb40, 0x09d2fc00, 0x09d50000)
 Metaspace       used 10457K, capacity 10632K, committed 10752K, reserved 11648K
Event: 27.647 GC heap after
Heap after GC invocations=10 (full 1):
 def new generation   total 5504K, used 0K [0x03e00000, 0x043f0000, 0x092a0000)
  eden space 4928K,   0% used [0x03e00000, 0x03e00000, 0x042d0000)
  from space 576K,   0% used [0x042d0000, 0x042d0000, 0x04360000)
  to   space 576K,   0% used [0x04360000, 0x04360000, 0x043f0000)
 tenured generation   total 12132K, used 7279K [0x092a0000, 0x09e79000, 0x13c00000)
   the space 12132K,  59% used [0x092a0000, 0x099bbc20, 0x099bbe00, 0x09e79000)
 Metaspace       used 10451K, capacity 10617K, committed 10752K, reserved 11648K
}
Event: 30.286 GC heap before
{Heap before GC invocations=10 (full 1):
 def new generation   total 5504K, used 4928K [0x03e00000, 0x043f0000, 0x092a0000)
  eden space 4928K, 100% used [0x03e00000, 0x042d0000, 0x042d0000)
  from space 576K,   0% used [0x042d0000, 0x042d0000, 0x04360000)
  to   space 576K,   0% used [0x04360000, 0x04360000, 0x043f0000)
 tenured generation   total 12132K, used 7279K [0x092a0000, 0x09e79000, 0x13c00000)
   the space 12132K,  59% used [0x092a0000, 0x099bbc20, 0x099bbe00, 0x09e79000)
 Metaspace       used 10452K, capacity 10617K, committed 10752K, reserved 11648K
Event: 30.291 GC heap after
Heap after GC invocations=11 (full 1):
 def new generation   total 5504K, used 576K [0x03e00000, 0x043f0000, 0x092a0000)
  eden space 4928K,   0% used [0x03e00000, 0x03e00000, 0x042d0000)
  from space 576K, 100% used [0x04360000, 0x043f0000, 0x043f0000)
  to   space 576K,   0% used [0x042d0000, 0x042d0000, 0x04360000)
 tenured generation   total 12132K, used 8142K [0x092a0000, 0x09e79000, 0x13c00000)
   the space 12132K,  67% used [0x092a0000, 0x09a93aa0, 0x09a93c00, 0x09e79000)
 Metaspace       used 10452K, capacity 10617K, committed 10752K, reserved 11648K
}
Event: 32.258 GC heap before
{Heap before GC invocations=11 (full 1):
 def new generation   total 5504K, used 5504K [0x03e00000, 0x043f0000, 0x092a0000)
  eden space 4928K, 100% used [0x03e00000, 0x042d0000, 0x042d0000)
  from space 576K, 100% used [0x04360000, 0x043f0000, 0x043f0000)
  to   space 576K,   0% used [0x042d0000, 0x042d0000, 0x04360000)
 tenured generation   total 12132K, used 8142K [0x092a0000, 0x09e79000, 0x13c00000)
   the space 12132K,  67% used [0x092a0000, 0x09a93aa0, 0x09a93c00, 0x09e79000)
 Metaspace       used 10452K, capacity 10617K, committed 10752K, reserved 11648K
Event: 32.263 GC heap after
Heap after GC invocations=12 (full 1):
 def new generation   total 5504K, used 576K [0x03e00000, 0x043f0000, 0x092a0000)
  eden space 4928K,   0% used [0x03e00000, 0x03e00000, 0x042d0000)
  from space 576K, 100% used [0x042d0000, 0x04360000, 0x04360000)
  to   space 576K,   0% used [0x04360000, 0x04360000, 0x043f0000)
 tenured generation   total 12132K, used 9223K [0x092a0000, 0x09e79000, 0x13c00000)
   the space 12132K,  76% used [0x092a0000, 0x09ba1db0, 0x09ba1e00, 0x09e79000)
 Metaspace       used 10452K, capacity 10617K, committed 10752K, reserved 11648K
}

