# JRE version: Java(TM) SE Runtime Environment (8.0_121-b13) (build 1.8.0_121-b13)
# Java VM: Java HotSpot(TM) Client VM (25.121-b13 mixed mode windows-x86 )
Heap:
 def new generation   total 2432K, used 1788K [0x03e00000, 0x040a0000, 0x092a0000)
  eden space 2176K,  70% used [0x03e00000, 0x03f7f3e8, 0x04020000)
  from space 256K, 100% used [0x04020000, 0x04060000, 0x04060000)
  to   space 256K,   1% used [0x04060000, 0x04060f18, 0x040a0000)
 tenured generation   total 5504K, used 2256K [0x092a0000, 0x09800000, 0x13c00000)
   the space 5504K,  41% used [0x092a0000, 0x094d42a0, 0x094d4400, 0x09800000)
 Metaspace       used 4558K, capacity 4588K, committed 4608K, reserved 5504K
GC Heap History (10 events):
Event: 0.558 GC heap after
Heap after GC invocations=2 (full 0):
 def new generation   total 2432K, used 242K [0x03e00000, 0x040a0000, 0x092a0000)
  eden space 2176K,   0% used [0x03e00000, 0x03e00000, 0x04020000)
  from space 256K,  94% used [0x04020000, 0x0405cb90, 0x04060000)
  to   space 256K,   0% used [0x04060000, 0x04060000, 0x040a0000)
 tenured generation   total 5504K, used 562K [0x092a0000, 0x09800000, 0x13c00000)
   the space 5504K,  10% used [0x092a0000, 0x0932c980, 0x0932ca00, 0x09800000)
 Metaspace       used 2950K, capacity 3044K, committed 3136K, reserved 4480K
}
Event: 0.639 GC heap before
{Heap before GC invocations=2 (full 0):
 def new generation   total 2432K, used 2408K [0x03e00000, 0x040a0000, 0x092a0000)
  eden space 2176K,  99% used [0x03e00000, 0x0401d838, 0x04020000)
  from space 256K,  94% used [0x04020000, 0x0405cb90, 0x04060000)
  to   space 256K,   0% used [0x04060000, 0x04060000, 0x040a0000)
 tenured generation   total 5504K, used 562K [0x092a0000, 0x09800000, 0x13c00000)
   the space 5504K,  10% used [0x092a0000, 0x0932c980, 0x0932ca00, 0x09800000)
 Metaspace       used 3412K, capacity 3524K, committed 3648K, reserved 4480K
Event: 0.641 GC heap after
Heap after GC invocations=3 (full 0):
 def new generation   total 2432K, used 198K [0x03e00000, 0x040a0000, 0x092a0000)
  eden space 2176K,   0% used [0x03e00000, 0x03e00000, 0x04020000)
  from space 256K,  77% used [0x04060000, 0x04091b58, 0x040a0000)
  to   space 256K,   0% used [0x04020000, 0x04020000, 0x04060000)
 tenured generation   total 5504K, used 788K [0x092a0000, 0x09800000, 0x13c00000)
   the space 5504K,  14% used [0x092a0000, 0x093653d0, 0x09365400, 0x09800000)
 Metaspace       used 3412K, capacity 3524K, committed 3648K, reserved 4480K
}
Event: 0.720 GC heap before
{Heap before GC invocations=3 (full 0):
 def new generation   total 2432K, used 2374K [0x03e00000, 0x040a0000, 0x092a0000)
  eden space 2176K, 100% used [0x03e00000, 0x04020000, 0x04020000)
  from space 256K,  77% used [0x04060000, 0x04091b58, 0x040a0000)
  to   space 256K,   0% used [0x04020000, 0x04020000, 0x04060000)
 tenured generation   total 5504K, used 788K [0x092a0000, 0x09800000, 0x13c00000)
   the space 5504K,  14% used [0x092a0000, 0x093653d0, 0x09365400, 0x09800000)
 Metaspace       used 3929K, capacity 4036K, committed 4160K, reserved 4480K
Event: 0.722 GC heap after
Heap after GC invocations=4 (full 0):
 def new generation   total 2432K, used 256K [0x03e00000, 0x040a0000, 0x092a0000)
  eden space 2176K,   0% used [0x03e00000, 0x03e00000, 0x04020000)
  from space 256K, 100% used [0x04020000, 0x04060000, 0x04060000)
  to   space 256K,   0% used [0x04060000, 0x04060000, 0x040a0000)
 tenured generation   total 5504K, used 957K [0x092a0000, 0x09800000, 0x13c00000)
   the space 5504K,  17% used [0x092a0000, 0x0938f660, 0x0938f800, 0x09800000)
 Metaspace       used 3929K, capacity 4036K, committed 4160K, reserved 4480K
}
Event: 0.859 GC heap before
{Heap before GC invocations=4 (full 0):
 def new generation   total 2432K, used 2432K [0x03e00000, 0x040a0000, 0x092a0000)
  eden space 2176K, 100% used [0x03e00000, 0x04020000, 0x04020000)
  from space 256K, 100% used [0x04020000, 0x04060000, 0x04060000)
  to   space 256K,   0% used [0x04060000, 0x04060000, 0x040a0000)
 tenured generation   total 5504K, used 957K [0x092a0000, 0x09800000, 0x13c00000)
   the space 5504K,  17% used [0x092a0000, 0x0938f660, 0x0938f800, 0x09800000)
 Metaspace       used 4274K, capacity 4324K, committed 4416K, reserved 4480K
Event: 0.864 GC heap after
Heap after GC invocations=5 (full 0):
 def new generation   total 2432K, used 256K [0x03e00000, 0x040a0000, 0x092a0000)
  eden space 2176K,   0% used [0x03e00000, 0x03e00000, 0x04020000)
  from space 256K, 100% used [0x04060000, 0x040a0000, 0x040a0000)
  to   space 256K,   0% used [0x04020000, 0x04020000, 0x04060000)
 tenured generation   total 5504K, used 1549K [0x092a0000, 0x09800000, 0x13c00000)
   the space 5504K,  28% used [0x092a0000, 0x09423588, 0x09423600, 0x09800000)
 Metaspace       used 4274K, capacity 4324K, committed 4416K, reserved 4480K
}
Event: 1.025 GC heap before
{Heap before GC invocations=5 (full 0):
 def new generation   total 2432K, used 2432K [0x03e00000, 0x040a0000, 0x092a0000)
  eden space 2176K, 100% used [0x03e00000, 0x04020000, 0x04020000)
  from space 256K, 100% used [0x04060000, 0x040a0000, 0x040a0000)
  to   space 256K,   0% used [0x04020000, 0x04020000, 0x04060000)
 tenured generation   total 5504K, used 1549K [0x092a0000, 0x09800000, 0x13c00000)
   the space 5504K,  28% used [0x092a0000, 0x09423588, 0x09423600, 0x09800000)
 Metaspace       used 4492K, capacity 4524K, committed 4608K, reserved 5504K
Event: 1.031 GC heap after
Heap after GC invocations=6 (full 0):
 def new generation   total 2432K, used 256K [0x03e00000, 0x040a0000, 0x092a0000)
  eden space 2176K,   0% used [0x03e00000, 0x03e00000, 0x04020000)
  from space 256K, 100% used [0x04020000, 0x04060000, 0x04060000)
  to   space 256K,   0% used [0x04060000, 0x04060000, 0x040a0000)
 tenured generation   total 5504K, used 2245K [0x092a0000, 0x09800000, 0x13c00000)
   the space 5504K,  40% used [0x092a0000, 0x094d1788, 0x094d1800, 0x09800000)
 Metaspace       used 4492K, capacity 4524K, committed 4608K, reserved 5504K
}
Event: 1.078 GC heap before
{Heap before GC invocations=6 (full 0):
 def new generation   total 2432K, used 1788K [0x03e00000, 0x040a0000, 0x092a0000)
  eden space 2176K,  70% used [0x03e00000, 0x03f7f3e8, 0x04020000)
  from space 256K, 100% used [0x04020000, 0x04060000, 0x04060000)
  to   space 256K,   0% used [0x04060000, 0x04060000, 0x040a0000)
 tenured generation   total 5504K, used 2245K [0x092a0000, 0x09800000, 0x13c00000)
   the space 5504K,  40% used [0x092a0000, 0x094d1788, 0x094d1800, 0x09800000)
 Metaspace       used 4558K, capacity 4588K, committed 4608K, reserved 5504K

